┌ Info: Basic Information
│   thread_num = 64
│   parallelism_for_joint_sr = multithreading
│   parsimony = 0.001
│   batch_size = 128
│   verbosity = false
│   num_populations_for_joint_sr = 15
│   binary_operators = Function[+, -, *, /]
│   turbo = false
│   num_samples_joint_data = 1000
│   unary_operators = Function[exp, log, Main.pow2, cos, sin]
│   warmup_maxsize_by = 0.0
│   nested_constraints = Pair{Function, Vector}[cos => [cos => 0], sin => [sin => 0], Main.pow2 => [Main.pow2 => 0], exp => [exp => 0], log => [log => 0]]
│   progress = false
│   maxsize = 50
│   downsample_joint_data = false
│   adaptive_parsimony_scaling = 1040
│   joint_use_frequency_in_tournament = true
│   batching = true
│   elementwise_loss = L2DistLoss
│   joint_use_frequency = true
│   ncycles_per_iteration = 380
│   niterations_for_joint_sr = 8000
│   constraints = Pair{Function, Int64}[cos => 5, sin => 5, exp => 5, log => 5]
│   population_size_for_joint_sr = 30
└ @ Main /project/6001884/aa3rajen/SymbolicDensityEstimation/sdes_pipeline.jl:71
