┌ Info: Basic Information
│   thread_num = 64
│   parallelism_for_joint_sr = multithreading
│   parsimony = 0.001
│   batch_size = 1000
│   verbosity = false
│   num_populations_for_joint_sr = 15
│   binary_operators = Function[+, -, *, /]
│   turbo = false
│   num_samples_joint_data = 1000000
│   unary_operators = Function[Main.pow2, Main.pow3, exp, log]
│   warmup_maxsize_by = 0.0
│   nested_constraints = Pair{Function, Vector}[Main.pow2 => [Main.pow2 => 0], Main.pow3 => [Main.pow3 => 0], exp => [exp => 0], log => [log => 0]]
│   loss_factory = build_loss_function
│   progress = false
│   maxsize = 30
│   downsample_joint_data = true
│   joint_use_frequency_in_tournament = true
│   adaptive_parsimony_scaling = 1040
│   batching = true
│   joint_use_frequency = true
│   ncycles_per_iteration = 380
│   niterations_for_joint_sr = 8000
│   constraints = Any[]
│   use_pure_loss = true
│   use_hybrid_data = true
│   covariate_columns = ["mjj", "HT"]
│   population_size_for_joint_sr = 30
│   raw_samples_file = ./data/Dijets.csv
└ @ Main /project/6001884/aa3rajen/SymbolicDensityEstimation/sdes_pipeline.jl:69
